<?xml version="1.0" encoding="UTF-8"?>
<!-- Generated by org.testng.reporters.JUnitXMLReporter -->
<testsuite ignored="0" hostname="DESKTOP-62AVA1A" failures="0" tests="9" name="Default test" time="32.678" errors="0" timestamp="2022-07-01T17:39:36 IST">
  <testcase classname="com.orange.TEstCase.TC_loginPage" name="loginToChrome" time="7.663"/>
  <testcase classname="com.orange.TEstCase.TC_loginPage" name="loginToChrome" time="2.354"/>
  <testcase classname="com.orange.TEstCase.TC_loginPage" name="loginToChrome" time="2.392"/>
  <testcase classname="com.orange.TEstCase.TC_loginPage" name="loginToChrome" time="2.402"/>
  <testcase classname="com.orange.TEstCase.TC_loginPage" name="loginToChrome" time="2.438"/>
  <testcase classname="com.orange.TEstCase.TC_loginPage" name="loginToChrome" time="2.889"/>
  <testcase classname="com.orange.TEstCase.TC_loginPage" name="loginToChrome" time="2.214"/>
  <testcase classname="com.orange.TEstCase.TC_loginPage" name="loginToChrome" time="2.444"/>
  <testcase classname="com.orange.TEstCase.TC_loginPage" name="loginToChrome" time="2.267"/>
</testsuite> <!-- Default test -->
