<?xml version="1.0" encoding="UTF-8"?>
<testng-results ignored="0" total="9" passed="9" failed="0" skipped="0">
  <reporter-output>
  </reporter-output>
  <suite started-at="2022-07-01T17:39:03 IST" name="Default suite" finished-at="2022-07-01T17:39:36 IST" duration-ms="32678">
    <groups>
    </groups>
    <test started-at="2022-07-01T17:39:03 IST" name="Default test" finished-at="2022-07-01T17:39:36 IST" duration-ms="32678">
      <class name="com.orange.TEstCase.TC_loginPage">
        <test-method is-config="true" signature="loginToDriver()[pri:0, instance:com.orange.TEstCase.TC_loginPage@29215f06]" started-at="2022-07-01T17:39:03 IST" name="loginToDriver" finished-at="2022-07-01T17:39:07 IST" duration-ms="3388" status="PASS">
          <reporter-output>
          </reporter-output>
        </test-method> <!-- loginToDriver -->
        <test-method signature="loginToChrome(java.lang.String,java.lang.String)[pri:1, instance:com.orange.TEstCase.TC_loginPage@29215f06]" started-at="2022-07-01T17:39:08 IST" name="loginToChrome" description="hit website by usig chrome" data-provider="login_data" finished-at="2022-07-01T17:39:16 IST" duration-ms="7663" status="PASS">
          <params>
            <param index="0">
              <value>
                <![CDATA[admin]]>
              </value>
            </param>
            <param index="1">
              <value>
                <![CDATA[admin123]]>
              </value>
            </param>
          </params>
          <reporter-output>
          </reporter-output>
        </test-method> <!-- loginToChrome -->
        <test-method signature="loginToChrome(java.lang.String,java.lang.String)[pri:1, instance:com.orange.TEstCase.TC_loginPage@29215f06]" started-at="2022-07-01T17:39:16 IST" name="loginToChrome" description="hit website by usig chrome" data-provider="login_data" finished-at="2022-07-01T17:39:18 IST" duration-ms="2354" status="PASS">
          <params>
            <param index="0">
              <value>
                <![CDATA[Admin]]>
              </value>
            </param>
            <param index="1">
              <value>
                <![CDATA[admin123]]>
              </value>
            </param>
          </params>
          <reporter-output>
          </reporter-output>
        </test-method> <!-- loginToChrome -->
        <test-method signature="loginToChrome(java.lang.String,java.lang.String)[pri:1, instance:com.orange.TEstCase.TC_loginPage@29215f06]" started-at="2022-07-01T17:39:18 IST" name="loginToChrome" description="hit website by usig chrome" data-provider="login_data" finished-at="2022-07-01T17:39:21 IST" duration-ms="2392" status="PASS">
          <params>
            <param index="0">
              <value>
                <![CDATA[Admin]]>
              </value>
            </param>
            <param index="1">
              <value>
                <![CDATA[asdfg]]>
              </value>
            </param>
          </params>
          <reporter-output>
          </reporter-output>
        </test-method> <!-- loginToChrome -->
        <test-method signature="loginToChrome(java.lang.String,java.lang.String)[pri:1, instance:com.orange.TEstCase.TC_loginPage@29215f06]" started-at="2022-07-01T17:39:21 IST" name="loginToChrome" description="hit website by usig chrome" data-provider="login_data" finished-at="2022-07-01T17:39:23 IST" duration-ms="2402" status="PASS">
          <params>
            <param index="0">
              <value>
                <![CDATA[abcd]]>
              </value>
            </param>
            <param index="1">
              <value>
                <![CDATA[xyz]]>
              </value>
            </param>
          </params>
          <reporter-output>
          </reporter-output>
        </test-method> <!-- loginToChrome -->
        <test-method signature="loginToChrome(java.lang.String,java.lang.String)[pri:1, instance:com.orange.TEstCase.TC_loginPage@29215f06]" started-at="2022-07-01T17:39:23 IST" name="loginToChrome" description="hit website by usig chrome" data-provider="login_data" finished-at="2022-07-01T17:39:26 IST" duration-ms="2438" status="PASS">
          <params>
            <param index="0">
              <value>
                <![CDATA[Admin]]>
              </value>
            </param>
            <param index="1">
              <value>
                <![CDATA[admin123]]>
              </value>
            </param>
          </params>
          <reporter-output>
          </reporter-output>
        </test-method> <!-- loginToChrome -->
        <test-method signature="loginToChrome(java.lang.String,java.lang.String)[pri:1, instance:com.orange.TEstCase.TC_loginPage@29215f06]" started-at="2022-07-01T17:39:26 IST" name="loginToChrome" description="hit website by usig chrome" data-provider="login_data" finished-at="2022-07-01T17:39:29 IST" duration-ms="2889" status="PASS">
          <params>
            <param index="0">
              <value>
                <![CDATA[Admin]]>
              </value>
            </param>
            <param index="1">
              <value>
                <![CDATA[asdfg]]>
              </value>
            </param>
          </params>
          <reporter-output>
          </reporter-output>
        </test-method> <!-- loginToChrome -->
        <test-method signature="loginToChrome(java.lang.String,java.lang.String)[pri:1, instance:com.orange.TEstCase.TC_loginPage@29215f06]" started-at="2022-07-01T17:39:29 IST" name="loginToChrome" description="hit website by usig chrome" data-provider="login_data" finished-at="2022-07-01T17:39:31 IST" duration-ms="2214" status="PASS">
          <params>
            <param index="0">
              <value>
                <![CDATA[abcd]]>
              </value>
            </param>
            <param index="1">
              <value>
                <![CDATA[xyz]]>
              </value>
            </param>
          </params>
          <reporter-output>
          </reporter-output>
        </test-method> <!-- loginToChrome -->
        <test-method signature="loginToChrome(java.lang.String,java.lang.String)[pri:1, instance:com.orange.TEstCase.TC_loginPage@29215f06]" started-at="2022-07-01T17:39:31 IST" name="loginToChrome" description="hit website by usig chrome" data-provider="login_data" finished-at="2022-07-01T17:39:33 IST" duration-ms="2444" status="PASS">
          <params>
            <param index="0">
              <value>
                <![CDATA[Admin]]>
              </value>
            </param>
            <param index="1">
              <value>
                <![CDATA[admin123]]>
              </value>
            </param>
          </params>
          <reporter-output>
          </reporter-output>
        </test-method> <!-- loginToChrome -->
        <test-method signature="loginToChrome(java.lang.String,java.lang.String)[pri:1, instance:com.orange.TEstCase.TC_loginPage@29215f06]" started-at="2022-07-01T17:39:33 IST" name="loginToChrome" description="hit website by usig chrome" data-provider="login_data" finished-at="2022-07-01T17:39:35 IST" duration-ms="2267" status="PASS">
          <params>
            <param index="0">
              <value>
                <![CDATA[Admin]]>
              </value>
            </param>
            <param index="1">
              <value>
                <![CDATA[asdfg]]>
              </value>
            </param>
          </params>
          <reporter-output>
          </reporter-output>
        </test-method> <!-- loginToChrome -->
        <test-method is-config="true" signature="closeDriver()[pri:0, instance:com.orange.TEstCase.TC_loginPage@29215f06]" started-at="2022-07-01T17:39:35 IST" name="closeDriver" finished-at="2022-07-01T17:39:36 IST" duration-ms="466" status="PASS">
          <reporter-output>
          </reporter-output>
        </test-method> <!-- closeDriver -->
      </class> <!-- com.orange.TEstCase.TC_loginPage -->
    </test> <!-- Default test -->
  </suite> <!-- Default suite -->
</testng-results>
